<?xml version="1.0" encoding="UTF-8"?>
<coverage generated="1582483771052" clover="3.2.0">
  <project timestamp="1582483771052" name="All files">
    <metrics statements="39" coveredstatements="34" conditionals="30" coveredconditionals="25" methods="12" coveredmethods="11" elements="81" coveredelements="70" complexity="0" loc="39" ncloc="39" packages="1" files="1" classes="1">
      <file name="convertCase.ts" path="E:\Dev\repos\yakWin\src\text\convertCase.ts">
        <metrics statements="39" coveredstatements="34" conditionals="30" coveredconditionals="25" methods="12" coveredmethods="11"/>
        <line num="3" count="1" type="stmt"/>
        <line num="6" count="1" type="stmt"/>
        <line num="8" count="0" type="stmt"/>
        <line num="21" count="12" type="stmt"/>
        <line num="24" count="48" type="cond" truecount="2" falsecount="0"/>
        <line num="30" count="31" type="stmt"/>
        <line num="31" count="31" type="stmt"/>
        <line num="33" count="31" type="stmt"/>
        <line num="37" count="31" type="stmt"/>
        <line num="38" count="19" type="stmt"/>
        <line num="43" count="31" type="stmt"/>
        <line num="46" count="18" type="stmt"/>
        <line num="47" count="18" type="stmt"/>
        <line num="49" count="18" type="stmt"/>
        <line num="54" count="18" type="stmt"/>
        <line num="56" count="18" type="stmt"/>
        <line num="59" count="31" type="cond" truecount="2" falsecount="0"/>
        <line num="60" count="24" type="cond" truecount="2" falsecount="0"/>
        <line num="61" count="18" type="cond" truecount="2" falsecount="0"/>
        <line num="62" count="12" type="cond" truecount="1" falsecount="1"/>
        <line num="63" count="12" type="cond" truecount="2" falsecount="0"/>
        <line num="64" count="6" type="cond" truecount="1" falsecount="1"/>
        <line num="65" count="6" type="stmt"/>
        <line num="66" count="6" type="stmt"/>
        <line num="67" count="0" type="stmt"/>
        <line num="68" count="0" type="stmt"/>
        <line num="72" count="31" type="cond" truecount="2" falsecount="0"/>
        <line num="73" count="23" type="cond" truecount="2" falsecount="0"/>
        <line num="74" count="17" type="cond" truecount="2" falsecount="0"/>
        <line num="75" count="13" type="cond" truecount="2" falsecount="0"/>
        <line num="76" count="10" type="stmt"/>
        <line num="77" count="8" type="cond" truecount="2" falsecount="0"/>
        <line num="78" count="4" type="stmt"/>
        <line num="80" count="8" type="cond" truecount="2" falsecount="0"/>
        <line num="83" count="4" type="cond" truecount="1" falsecount="1"/>
        <line num="84" count="4" type="stmt"/>
        <line num="86" count="8" type="stmt"/>
        <line num="89" count="0" type="stmt"/>
        <line num="90" count="0" type="stmt"/>
      </file>
    </metrics>
  </project>
</coverage>
