<?xml version="1.0" encoding="UTF-8"?>
<coverage generated="1582838176896" clover="3.2.0">
  <project timestamp="1582838176896" name="All files">
    <metrics statements="92" coveredstatements="81" conditionals="45" coveredconditionals="31" methods="36" coveredmethods="29" elements="173" coveredelements="141" complexity="0" loc="92" ncloc="92" packages="6" files="13" classes="13">
      <package name="operators">
        <metrics statements="4" coveredstatements="4" conditionals="0" coveredconditionals="0" methods="0" coveredmethods="0"/>
        <file name="index.ts" path="/Users/kd/repos/yak/src/operators/index.ts">
          <metrics statements="4" coveredstatements="4" conditionals="0" coveredconditionals="0" methods="0" coveredmethods="0"/>
          <line num="1" count="4" type="stmt"/>
          <line num="2" count="4" type="stmt"/>
          <line num="3" count="4" type="stmt"/>
          <line num="4" count="4" type="stmt"/>
        </file>
      </package>
      <package name="operators.array">
        <metrics statements="15" coveredstatements="13" conditionals="0" coveredconditionals="0" methods="14" coveredmethods="10"/>
        <file name="index.ts" path="/Users/kd/repos/yak/src/operators/array/index.ts">
          <metrics statements="1" coveredstatements="1" conditionals="0" coveredconditionals="0" methods="0" coveredmethods="0"/>
          <line num="1" count="4" type="stmt"/>
        </file>
        <file name="wrappers.ts" path="/Users/kd/repos/yak/src/operators/array/wrappers.ts">
          <metrics statements="14" coveredstatements="12" conditionals="0" coveredconditionals="0" methods="14" coveredmethods="10"/>
          <line num="1" count="4" type="stmt"/>
          <line num="2" count="3" type="stmt"/>
          <line num="5" count="4" type="stmt"/>
          <line num="6" count="1" type="stmt"/>
          <line num="9" count="4" type="stmt"/>
          <line num="10" count="1" type="stmt"/>
          <line num="13" count="4" type="stmt"/>
          <line num="14" count="1" type="stmt"/>
          <line num="17" count="4" type="stmt"/>
          <line num="18" count="0" type="stmt"/>
          <line num="21" count="4" type="stmt"/>
          <line num="22" count="0" type="stmt"/>
          <line num="25" count="4" type="stmt"/>
          <line num="26" count="1" type="stmt"/>
        </file>
      </package>
      <package name="operators.number">
        <metrics statements="9" coveredstatements="8" conditionals="2" coveredconditionals="2" methods="4" coveredmethods="2"/>
        <file name="appendCurrency.ts" path="/Users/kd/repos/yak/src/operators/number/appendCurrency.ts">
          <metrics statements="8" coveredstatements="7" conditionals="2" coveredconditionals="2" methods="4" coveredmethods="2"/>
          <line num="2" count="4" type="stmt"/>
          <line num="4" count="4" type="stmt"/>
          <line num="7" count="5" type="stmt"/>
          <line num="9" count="5" type="stmt"/>
          <line num="11" count="5" type="stmt"/>
          <line num="13" count="5" type="stmt"/>
          <line num="18" count="4" type="stmt"/>
          <line num="20" count="0" type="stmt"/>
        </file>
        <file name="index.ts" path="/Users/kd/repos/yak/src/operators/number/index.ts">
          <metrics statements="1" coveredstatements="1" conditionals="0" coveredconditionals="0" methods="0" coveredmethods="0"/>
          <line num="1" count="4" type="stmt"/>
        </file>
      </package>
      <package name="operators.text">
        <metrics statements="48" coveredstatements="43" conditionals="28" coveredconditionals="23" methods="13" coveredmethods="12"/>
        <file name="convertCase.ts" path="/Users/kd/repos/yak/src/operators/text/convertCase.ts">
          <metrics statements="39" coveredstatements="34" conditionals="28" coveredconditionals="23" methods="11" coveredmethods="10"/>
          <line num="4" count="4" type="stmt"/>
          <line num="9" count="4" type="stmt"/>
          <line num="11" count="0" type="stmt"/>
          <line num="26" count="31" type="stmt"/>
          <line num="27" count="31" type="stmt"/>
          <line num="29" count="31" type="stmt"/>
          <line num="33" count="31" type="stmt"/>
          <line num="34" count="19" type="stmt"/>
          <line num="39" count="31" type="stmt"/>
          <line num="42" count="12" type="stmt"/>
          <line num="43" count="12" type="stmt"/>
          <line num="45" count="12" type="stmt"/>
          <line num="50" count="12" type="stmt"/>
          <line num="52" count="12" type="stmt"/>
          <line num="55" count="31" type="cond" truecount="2" falsecount="0"/>
          <line num="56" count="24" type="cond" truecount="2" falsecount="0"/>
          <line num="57" count="18" type="cond" truecount="2" falsecount="0"/>
          <line num="58" count="12" type="cond" truecount="1" falsecount="1"/>
          <line num="59" count="12" type="cond" truecount="2" falsecount="0"/>
          <line num="60" count="6" type="cond" truecount="1" falsecount="1"/>
          <line num="62" count="6" type="stmt"/>
          <line num="63" count="0" type="stmt"/>
          <line num="64" count="0" type="stmt"/>
          <line num="68" count="31" type="cond" truecount="2" falsecount="0"/>
          <line num="69" count="23" type="cond" truecount="2" falsecount="0"/>
          <line num="70" count="17" type="cond" truecount="2" falsecount="0"/>
          <line num="71" count="13" type="cond" truecount="2" falsecount="0"/>
          <line num="72" count="10" type="stmt"/>
          <line num="73" count="8" type="cond" truecount="2" falsecount="0"/>
          <line num="74" count="4" type="stmt"/>
          <line num="76" count="8" type="cond" truecount="2" falsecount="0"/>
          <line num="79" count="4" type="cond" truecount="1" falsecount="1"/>
          <line num="80" count="4" type="stmt"/>
          <line num="82" count="8" type="stmt"/>
          <line num="85" count="0" type="stmt"/>
          <line num="86" count="0" type="stmt"/>
          <line num="90" count="4" type="stmt"/>
          <line num="92" count="4" type="stmt"/>
          <line num="94" count="31" type="stmt"/>
        </file>
        <file name="firstToUpper.ts" path="/Users/kd/repos/yak/src/operators/text/firstToUpper.ts">
          <metrics statements="4" coveredstatements="4" conditionals="0" coveredconditionals="0" methods="1" coveredmethods="1"/>
          <line num="1" count="4" type="stmt"/>
          <line num="2" count="14" type="stmt"/>
          <line num="3" count="14" type="stmt"/>
          <line num="5" count="14" type="stmt"/>
        </file>
        <file name="index.ts" path="/Users/kd/repos/yak/src/operators/text/index.ts">
          <metrics statements="3" coveredstatements="3" conditionals="0" coveredconditionals="0" methods="0" coveredmethods="0"/>
          <line num="1" count="4" type="stmt"/>
          <line num="2" count="4" type="stmt"/>
          <line num="3" count="4" type="stmt"/>
        </file>
        <file name="reverse.ts" path="/Users/kd/repos/yak/src/operators/text/reverse.ts">
          <metrics statements="2" coveredstatements="2" conditionals="0" coveredconditionals="0" methods="1" coveredmethods="1"/>
          <line num="1" count="4" type="stmt"/>
          <line num="2" count="6" type="stmt"/>
        </file>
      </package>
      <package name="operators.utils">
        <metrics statements="14" coveredstatements="11" conditionals="15" coveredconditionals="6" methods="5" coveredmethods="5"/>
        <file name="index.ts" path="/Users/kd/repos/yak/src/operators/utils/index.ts">
          <metrics statements="2" coveredstatements="2" conditionals="0" coveredconditionals="0" methods="0" coveredmethods="0"/>
          <line num="1" count="4" type="stmt"/>
          <line num="2" count="4" type="stmt"/>
        </file>
        <file name="log.ts" path="/Users/kd/repos/yak/src/operators/utils/log.ts">
          <metrics statements="11" coveredstatements="8" conditionals="15" coveredconditionals="6" methods="2" coveredmethods="2"/>
          <line num="3" count="4" type="stmt"/>
          <line num="7" count="1" type="stmt"/>
          <line num="8" count="1" type="cond" truecount="1" falsecount="1"/>
          <line num="9" count="0" type="stmt"/>
          <line num="11" count="1" type="cond" truecount="1" falsecount="1"/>
          <line num="12" count="1" type="stmt"/>
          <line num="18" count="1" type="cond" truecount="1" falsecount="1"/>
          <line num="19" count="0" type="cond" truecount="0" falsecount="2"/>
          <line num="20" count="1" type="cond" truecount="1" falsecount="1"/>
          <line num="21" count="0" type="cond" truecount="0" falsecount="2"/>
          <line num="23" count="1" type="stmt"/>
        </file>
        <file name="pipe.ts" path="/Users/kd/repos/yak/src/operators/utils/pipe.ts">
          <metrics statements="1" coveredstatements="1" conditionals="0" coveredconditionals="0" methods="3" coveredmethods="3"/>
          <line num="1" count="14" type="stmt"/>
        </file>
      </package>
      <package name="services.data">
        <metrics statements="2" coveredstatements="2" conditionals="0" coveredconditionals="0" methods="0" coveredmethods="0"/>
        <file name="json.service.ts" path="/Users/kd/repos/yak/src/services/data/json.service.ts">
          <metrics statements="2" coveredstatements="2" conditionals="0" coveredconditionals="0" methods="0" coveredmethods="0"/>
          <line num="1" count="4" type="stmt"/>
          <line num="3" count="4" type="stmt"/>
        </file>
      </package>
    </metrics>
  </project>
</coverage>
