{"E:\\Dev\\repos\\yakWin\\src\\text\\convertCase.ts": {"path":"E:\\Dev\\repos\\yakWin\\src\\text\\convertCase.ts","statementMap":{"0":{"start":{"line":6,"column":10},"end":{"line":18,"column":4}},"1":{"start":{"line":8,"column":6},"end":{"line":17,"column":6}},"2":{"start":{"line":21,"column":4},"end":{"line":26,"column":16}},"3":{"start":{"line":24,"column":8},"end":{"line":24,"column":59}},"4":{"start":{"line":30,"column":20},"end":{"line":30,"column":64}},"5":{"start":{"line":31,"column":19},"end":{"line":31,"column":47}},"6":{"start":{"line":33,"column":4},"end":{"line":33,"column":18}},"7":{"start":{"line":37,"column":23},"end":{"line":41,"column":25}},"8":{"start":{"line":38,"column":6},"end":{"line":41,"column":25}},"9":{"start":{"line":43,"column":25},"end":{"line":57,"column":5}},"10":{"start":{"line":46,"column":32},"end":{"line":46,"column":50}},"11":{"start":{"line":47,"column":20},"end":{"line":47,"column":41}},"12":{"start":{"line":49,"column":23},"end":{"line":52,"column":19}},"13":{"start":{"line":54,"column":6},"end":{"line":54,"column":54}},"14":{"start":{"line":56,"column":6},"end":{"line":56,"column":22}},"15":{"start":{"line":59,"column":4},"end":{"line":67,"column":47}},"16":{"start":{"line":59,"column":31},"end":{"line":59,"column":61}},"17":{"start":{"line":60,"column":9},"end":{"line":67,"column":47}},"18":{"start":{"line":60,"column":35},"end":{"line":60,"column":65}},"19":{"start":{"line":61,"column":9},"end":{"line":67,"column":47}},"20":{"start":{"line":61,"column":35},"end":{"line":61,"column":65}},"21":{"start":{"line":62,"column":9},"end":{"line":67,"column":47}},"22":{"start":{"line":62,"column":36},"end":{"line":62,"column":66}},"23":{"start":{"line":63,"column":9},"end":{"line":67,"column":47}},"24":{"start":{"line":63,"column":35},"end":{"line":63,"column":62}},"25":{"start":{"line":64,"column":9},"end":{"line":67,"column":47}},"26":{"start":{"line":65,"column":6},"end":{"line":65,"column":39}},"27":{"start":{"line":66,"column":6},"end":{"line":66,"column":33}},"28":{"start":{"line":67,"column":11},"end":{"line":67,"column":47}},"29":{"start":{"line":68,"column":4},"end":{"line":68,"column":21}},"30":{"start":{"line":72,"column":4},"end":{"line":89,"column":46}},"31":{"start":{"line":72,"column":29},"end":{"line":72,"column":52}},"32":{"start":{"line":73,"column":9},"end":{"line":89,"column":46}},"33":{"start":{"line":73,"column":33},"end":{"line":73,"column":56}},"34":{"start":{"line":74,"column":9},"end":{"line":89,"column":46}},"35":{"start":{"line":74,"column":33},"end":{"line":74,"column":56}},"36":{"start":{"line":75,"column":9},"end":{"line":89,"column":46}},"37":{"start":{"line":76,"column":6},"end":{"line":76,"column":61}},"38":{"start":{"line":76,"column":31},"end":{"line":76,"column":49}},"39":{"start":{"line":77,"column":9},"end":{"line":89,"column":46}},"40":{"start":{"line":78,"column":6},"end":{"line":82,"column":18}},"41":{"start":{"line":80,"column":10},"end":{"line":80,"column":60}},"42":{"start":{"line":83,"column":9},"end":{"line":89,"column":46}},"43":{"start":{"line":84,"column":6},"end":{"line":88,"column":18}},"44":{"start":{"line":86,"column":10},"end":{"line":86,"column":41}},"45":{"start":{"line":89,"column":9},"end":{"line":89,"column":46}},"46":{"start":{"line":90,"column":4},"end":{"line":90,"column":19}},"47":{"start":{"line":3,"column":0},"end":{"line":92,"column":1}}},"fnMap":{"0":{"name":"(anonymous_0)","decl":{"start":{"line":3,"column":0},"end":{"line":null,"column":-1}},"loc":{"start":{"line":3,"column":0},"end":{"line":92,"column":1}}},"1":{"name":"(anonymous_1)","decl":{"start":{"line":7,"column":23},"end":{"line":7,"column":24}},"loc":{"start":{"line":8,"column":6},"end":{"line":17,"column":6}}},"2":{"name":"(anonymous_2)","decl":{"start":{"line":20,"column":9},"end":{"line":20,"column":20}},"loc":{"start":{"line":20,"column":35},"end":{"line":27,"column":3}}},"3":{"name":"(anonymous_3)","decl":{"start":{"line":23,"column":11},"end":{"line":23,"column":12}},"loc":{"start":{"line":23,"column":29},"end":{"line":25,"column":7}}},"4":{"name":"(anonymous_4)","decl":{"start":{"line":29,"column":9},"end":{"line":29,"column":15}},"loc":{"start":{"line":29,"column":60},"end":{"line":34,"column":3}}},"5":{"name":"(anonymous_5)","decl":{"start":{"line":36,"column":10},"end":{"line":36,"column":31}},"loc":{"start":{"line":36,"column":62},"end":{"line":69,"column":3}}},"6":{"name":"(anonymous_6)","decl":{"start":{"line":37,"column":23},"end":{"line":37,"column":24}},"loc":{"start":{"line":38,"column":6},"end":{"line":41,"column":25}}},"7":{"name":"(anonymous_7)","decl":{"start":{"line":43,"column":25},"end":{"line":43,"column":26}},"loc":{"start":{"line":43,"column":43},"end":{"line":57,"column":5}}},"8":{"name":"(anonymous_8)","decl":{"start":{"line":71,"column":10},"end":{"line":71,"column":15}},"loc":{"start":{"line":71,"column":46},"end":{"line":91,"column":3}}},"9":{"name":"(anonymous_9)","decl":{"start":{"line":76,"column":23},"end":{"line":76,"column":26}},"loc":{"start":{"line":76,"column":31},"end":{"line":76,"column":49}}},"10":{"name":"(anonymous_10)","decl":{"start":{"line":79,"column":13},"end":{"line":79,"column":14}},"loc":{"start":{"line":79,"column":29},"end":{"line":81,"column":9}}},"11":{"name":"(anonymous_11)","decl":{"start":{"line":85,"column":13},"end":{"line":85,"column":16}},"loc":{"start":{"line":85,"column":20},"end":{"line":87,"column":9}}}},"branchMap":{"0":{"loc":{"start":{"line":9,"column":21},"end":{"line":9,"column":27}},"type":"cond-expr","locations":[{"start":{"line":9,"column":21},"end":{"line":9,"column":27}},{"start":{"line":9,"column":30},"end":{"line":10,"column":6}}]},"1":{"loc":{"start":{"line":24,"column":29},"end":{"line":24,"column":49}},"type":"cond-expr","locations":[{"start":{"line":24,"column":29},"end":{"line":24,"column":49}},{"start":{"line":24,"column":52},"end":{"line":24,"column":58}}]},"2":{"loc":{"start":{"line":59,"column":4},"end":{"line":67,"column":47}},"type":"if","locations":[{"start":{"line":59,"column":4},"end":{"line":67,"column":47}},{"start":{"line":59,"column":4},"end":{"line":67,"column":47}}]},"3":{"loc":{"start":{"line":60,"column":9},"end":{"line":67,"column":47}},"type":"if","locations":[{"start":{"line":60,"column":9},"end":{"line":67,"column":47}},{"start":{"line":60,"column":9},"end":{"line":67,"column":47}}]},"4":{"loc":{"start":{"line":61,"column":9},"end":{"line":67,"column":47}},"type":"if","locations":[{"start":{"line":61,"column":9},"end":{"line":67,"column":47}},{"start":{"line":61,"column":9},"end":{"line":67,"column":47}}]},"5":{"loc":{"start":{"line":62,"column":9},"end":{"line":67,"column":47}},"type":"if","locations":[{"start":{"line":62,"column":9},"end":{"line":67,"column":47}},{"start":{"line":62,"column":9},"end":{"line":67,"column":47}}]},"6":{"loc":{"start":{"line":63,"column":9},"end":{"line":67,"column":47}},"type":"if","locations":[{"start":{"line":63,"column":9},"end":{"line":67,"column":47}},{"start":{"line":63,"column":9},"end":{"line":67,"column":47}}]},"7":{"loc":{"start":{"line":64,"column":9},"end":{"line":67,"column":47}},"type":"if","locations":[{"start":{"line":64,"column":9},"end":{"line":67,"column":47}},{"start":{"line":64,"column":9},"end":{"line":67,"column":47}}]},"8":{"loc":{"start":{"line":72,"column":4},"end":{"line":89,"column":46}},"type":"if","locations":[{"start":{"line":72,"column":4},"end":{"line":89,"column":46}},{"start":{"line":72,"column":4},"end":{"line":89,"column":46}}]},"9":{"loc":{"start":{"line":73,"column":9},"end":{"line":89,"column":46}},"type":"if","locations":[{"start":{"line":73,"column":9},"end":{"line":89,"column":46}},{"start":{"line":73,"column":9},"end":{"line":89,"column":46}}]},"10":{"loc":{"start":{"line":74,"column":9},"end":{"line":89,"column":46}},"type":"if","locations":[{"start":{"line":74,"column":9},"end":{"line":89,"column":46}},{"start":{"line":74,"column":9},"end":{"line":89,"column":46}}]},"11":{"loc":{"start":{"line":75,"column":9},"end":{"line":89,"column":46}},"type":"if","locations":[{"start":{"line":75,"column":9},"end":{"line":89,"column":46}},{"start":{"line":75,"column":9},"end":{"line":89,"column":46}}]},"12":{"loc":{"start":{"line":77,"column":9},"end":{"line":89,"column":46}},"type":"if","locations":[{"start":{"line":77,"column":9},"end":{"line":89,"column":46}},{"start":{"line":77,"column":9},"end":{"line":89,"column":46}}]},"13":{"loc":{"start":{"line":80,"column":29},"end":{"line":80,"column":52}},"type":"cond-expr","locations":[{"start":{"line":80,"column":29},"end":{"line":80,"column":52}},{"start":{"line":80,"column":55},"end":{"line":80,"column":59}}]},"14":{"loc":{"start":{"line":83,"column":9},"end":{"line":89,"column":46}},"type":"if","locations":[{"start":{"line":83,"column":9},"end":{"line":89,"column":46}},{"start":{"line":83,"column":9},"end":{"line":89,"column":46}}]}},"s":{"0":1,"1":0,"2":12,"3":48,"4":31,"5":31,"6":31,"7":31,"8":19,"9":31,"10":18,"11":18,"12":18,"13":18,"14":18,"15":31,"16":7,"17":24,"18":6,"19":18,"20":6,"21":12,"22":0,"23":12,"24":6,"25":6,"26":6,"27":6,"28":0,"29":0,"30":31,"31":8,"32":23,"33":6,"34":17,"35":4,"36":13,"37":5,"38":10,"39":8,"40":4,"41":8,"42":4,"43":4,"44":8,"45":0,"46":0,"47":1},"f":{"0":1,"1":0,"2":12,"3":48,"4":31,"5":31,"6":19,"7":18,"8":31,"9":10,"10":8,"11":8},"b":{"0":[0,0],"1":[12,36],"2":[7,24],"3":[6,18],"4":[6,12],"5":[0,12],"6":[6,6],"7":[6,0],"8":[8,23],"9":[6,17],"10":[4,13],"11":[5,8],"12":[4,4],"13":[4,4],"14":[4,0]}}
}
