{"/Users/kd/repos/yak/src/operators/index.ts": {"path":"/Users/kd/repos/yak/src/operators/index.ts","statementMap":{"0":{"start":{"line":1,"column":0},"end":{"line":1,"column":23}},"1":{"start":{"line":2,"column":0},"end":{"line":2,"column":25}},"2":{"start":{"line":3,"column":0},"end":{"line":3,"column":24}},"3":{"start":{"line":4,"column":0},"end":{"line":4,"column":24}}},"fnMap":{},"branchMap":{},"s":{"0":4,"1":4,"2":4,"3":4},"f":{},"b":{}}
,"/Users/kd/repos/yak/src/operators/array/index.ts": {"path":"/Users/kd/repos/yak/src/operators/array/index.ts","statementMap":{"0":{"start":{"line":1,"column":0},"end":{"line":1,"column":27}}},"fnMap":{},"branchMap":{},"s":{"0":4},"f":{},"b":{}}
,"/Users/kd/repos/yak/src/operators/array/wrappers.ts": {"path":"/Users/kd/repos/yak/src/operators/array/wrappers.ts","statementMap":{"0":{"start":{"line":1,"column":13},"end":{"line":3,"column":2}},"1":{"start":{"line":1,"column":54},"end":{"line":3,"column":1}},"2":{"start":{"line":2,"column":2},"end":{"line":2,"column":41}},"3":{"start":{"line":5,"column":13},"end":{"line":7,"column":2}},"4":{"start":{"line":5,"column":54},"end":{"line":7,"column":1}},"5":{"start":{"line":6,"column":2},"end":{"line":6,"column":41}},"6":{"start":{"line":9,"column":13},"end":{"line":11,"column":2}},"7":{"start":{"line":9,"column":33},"end":{"line":11,"column":1}},"8":{"start":{"line":10,"column":2},"end":{"line":10,"column":31}},"9":{"start":{"line":13,"column":13},"end":{"line":15,"column":2}},"10":{"start":{"line":13,"column":38},"end":{"line":15,"column":1}},"11":{"start":{"line":14,"column":2},"end":{"line":14,"column":36}},"12":{"start":{"line":17,"column":13},"end":{"line":19,"column":2}},"13":{"start":{"line":17,"column":32},"end":{"line":19,"column":1}},"14":{"start":{"line":18,"column":2},"end":{"line":18,"column":27}},"15":{"start":{"line":21,"column":13},"end":{"line":23,"column":2}},"16":{"start":{"line":21,"column":42},"end":{"line":23,"column":1}},"17":{"start":{"line":22,"column":2},"end":{"line":22,"column":38}},"18":{"start":{"line":25,"column":13},"end":{"line":27,"column":2}},"19":{"start":{"line":25,"column":43},"end":{"line":27,"column":1}},"20":{"start":{"line":26,"column":2},"end":{"line":26,"column":31}}},"fnMap":{"0":{"name":"(anonymous_0)","decl":{"start":{"line":1,"column":19},"end":{"line":1,"column":23}},"loc":{"start":{"line":1,"column":54},"end":{"line":3,"column":1}}},"1":{"name":"(anonymous_1)","decl":{"start":{"line":1,"column":54},"end":{"line":1,"column":55}},"loc":{"start":{"line":1,"column":71},"end":{"line":3,"column":1}}},"2":{"name":"(anonymous_2)","decl":{"start":{"line":5,"column":22},"end":{"line":5,"column":23}},"loc":{"start":{"line":5,"column":54},"end":{"line":7,"column":1}}},"3":{"name":"(anonymous_3)","decl":{"start":{"line":5,"column":54},"end":{"line":5,"column":55}},"loc":{"start":{"line":5,"column":68},"end":{"line":7,"column":1}}},"4":{"name":"(anonymous_4)","decl":{"start":{"line":9,"column":20},"end":{"line":9,"column":28}},"loc":{"start":{"line":9,"column":33},"end":{"line":11,"column":1}}},"5":{"name":"(anonymous_5)","decl":{"start":{"line":9,"column":33},"end":{"line":9,"column":34}},"loc":{"start":{"line":9,"column":47},"end":{"line":11,"column":1}}},"6":{"name":"(anonymous_6)","decl":{"start":{"line":13,"column":25},"end":{"line":13,"column":33}},"loc":{"start":{"line":13,"column":38},"end":{"line":15,"column":1}}},"7":{"name":"(anonymous_7)","decl":{"start":{"line":13,"column":38},"end":{"line":13,"column":39}},"loc":{"start":{"line":13,"column":52},"end":{"line":15,"column":1}}},"8":{"name":"(anonymous_8)","decl":{"start":{"line":17,"column":20},"end":{"line":17,"column":21}},"loc":{"start":{"line":17,"column":32},"end":{"line":19,"column":1}}},"9":{"name":"(anonymous_9)","decl":{"start":{"line":17,"column":32},"end":{"line":17,"column":33}},"loc":{"start":{"line":17,"column":54},"end":{"line":19,"column":1}}},"10":{"name":"(anonymous_10)","decl":{"start":{"line":21,"column":23},"end":{"line":21,"column":27}},"loc":{"start":{"line":21,"column":42},"end":{"line":23,"column":1}}},"11":{"name":"(anonymous_11)","decl":{"start":{"line":21,"column":42},"end":{"line":21,"column":43}},"loc":{"start":{"line":21,"column":59},"end":{"line":23,"column":1}}},"12":{"name":"(anonymous_12)","decl":{"start":{"line":25,"column":20},"end":{"line":25,"column":21}},"loc":{"start":{"line":25,"column":43},"end":{"line":27,"column":1}}},"13":{"name":"(anonymous_13)","decl":{"start":{"line":25,"column":43},"end":{"line":25,"column":44}},"loc":{"start":{"line":25,"column":57},"end":{"line":27,"column":1}}}},"branchMap":{},"s":{"0":4,"1":3,"2":3,"3":4,"4":1,"5":1,"6":4,"7":1,"8":1,"9":4,"10":1,"11":1,"12":4,"13":0,"14":0,"15":4,"16":0,"17":0,"18":4,"19":1,"20":1},"f":{"0":3,"1":3,"2":1,"3":1,"4":1,"5":1,"6":1,"7":1,"8":0,"9":0,"10":0,"11":0,"12":1,"13":1},"b":{}}
,"/Users/kd/repos/yak/src/operators/number/appendCurrency.ts": {"path":"/Users/kd/repos/yak/src/operators/number/appendCurrency.ts","statementMap":{"0":{"start":{"line":2,"column":0},"end":{"line":2,"column":65}},"1":{"start":{"line":4,"column":13},"end":{"line":16,"column":2}},"2":{"start":{"line":7,"column":5},"end":{"line":16,"column":1}},"3":{"start":{"line":9,"column":33},"end":{"line":9,"column":47}},"4":{"start":{"line":11,"column":25},"end":{"line":11,"column":48}},"5":{"start":{"line":13,"column":2},"end":{"line":15,"column":43}},"6":{"start":{"line":18,"column":13},"end":{"line":21,"column":2}},"7":{"start":{"line":18,"column":30},"end":{"line":21,"column":1}},"8":{"start":{"line":20,"column":2},"end":{"line":20,"column":15}}},"fnMap":{"0":{"name":"(anonymous_0)","decl":{"start":{"line":4,"column":30},"end":{"line":5,"column":2}},"loc":{"start":{"line":7,"column":5},"end":{"line":16,"column":1}}},"1":{"name":"(anonymous_1)","decl":{"start":{"line":7,"column":5},"end":{"line":7,"column":6}},"loc":{"start":{"line":7,"column":23},"end":{"line":16,"column":1}}},"2":{"name":"(anonymous_2)","decl":{"start":{"line":18,"column":21},"end":{"line":18,"column":25}},"loc":{"start":{"line":18,"column":30},"end":{"line":21,"column":1}}},"3":{"name":"(anonymous_3)","decl":{"start":{"line":18,"column":30},"end":{"line":18,"column":34}},"loc":{"start":{"line":18,"column":38},"end":{"line":21,"column":1}}}},"branchMap":{"0":{"loc":{"start":{"line":14,"column":6},"end":{"line":14,"column":54}},"type":"cond-expr","locations":[{"start":{"line":14,"column":6},"end":{"line":14,"column":54}},{"start":{"line":15,"column":6},"end":{"line":15,"column":42}}]}},"s":{"0":4,"1":4,"2":5,"3":5,"4":5,"5":5,"6":4,"7":0,"8":0},"f":{"0":5,"1":5,"2":0,"3":0},"b":{"0":[2,3]}}
,"/Users/kd/repos/yak/src/operators/number/index.ts": {"path":"/Users/kd/repos/yak/src/operators/number/index.ts","statementMap":{"0":{"start":{"line":1,"column":0},"end":{"line":1,"column":33}}},"fnMap":{},"branchMap":{},"s":{"0":4},"f":{},"b":{}}
,"/Users/kd/repos/yak/src/operators/text/convertCase.ts": {"path":"/Users/kd/repos/yak/src/operators/text/convertCase.ts","statementMap":{"0":{"start":{"line":4,"column":0},"end":{"line":4,"column":45}},"1":{"start":{"line":9,"column":10},"end":{"line":21,"column":4}},"2":{"start":{"line":11,"column":6},"end":{"line":20,"column":6}},"3":{"start":{"line":26,"column":20},"end":{"line":26,"column":64}},"4":{"start":{"line":27,"column":19},"end":{"line":27,"column":47}},"5":{"start":{"line":29,"column":4},"end":{"line":29,"column":18}},"6":{"start":{"line":33,"column":23},"end":{"line":37,"column":25}},"7":{"start":{"line":34,"column":6},"end":{"line":37,"column":25}},"8":{"start":{"line":39,"column":25},"end":{"line":53,"column":5}},"9":{"start":{"line":42,"column":32},"end":{"line":42,"column":50}},"10":{"start":{"line":43,"column":20},"end":{"line":43,"column":41}},"11":{"start":{"line":45,"column":23},"end":{"line":48,"column":19}},"12":{"start":{"line":50,"column":6},"end":{"line":50,"column":54}},"13":{"start":{"line":52,"column":6},"end":{"line":52,"column":22}},"14":{"start":{"line":55,"column":4},"end":{"line":63,"column":47}},"15":{"start":{"line":55,"column":31},"end":{"line":55,"column":61}},"16":{"start":{"line":56,"column":9},"end":{"line":63,"column":47}},"17":{"start":{"line":56,"column":35},"end":{"line":56,"column":65}},"18":{"start":{"line":57,"column":9},"end":{"line":63,"column":47}},"19":{"start":{"line":57,"column":35},"end":{"line":57,"column":65}},"20":{"start":{"line":58,"column":9},"end":{"line":63,"column":47}},"21":{"start":{"line":58,"column":36},"end":{"line":58,"column":66}},"22":{"start":{"line":59,"column":9},"end":{"line":63,"column":47}},"23":{"start":{"line":59,"column":35},"end":{"line":59,"column":62}},"24":{"start":{"line":60,"column":9},"end":{"line":63,"column":47}},"25":{"start":{"line":62,"column":6},"end":{"line":62,"column":33}},"26":{"start":{"line":63,"column":11},"end":{"line":63,"column":47}},"27":{"start":{"line":64,"column":4},"end":{"line":64,"column":21}},"28":{"start":{"line":68,"column":4},"end":{"line":85,"column":46}},"29":{"start":{"line":68,"column":29},"end":{"line":68,"column":52}},"30":{"start":{"line":69,"column":9},"end":{"line":85,"column":46}},"31":{"start":{"line":69,"column":33},"end":{"line":69,"column":56}},"32":{"start":{"line":70,"column":9},"end":{"line":85,"column":46}},"33":{"start":{"line":70,"column":33},"end":{"line":70,"column":56}},"34":{"start":{"line":71,"column":9},"end":{"line":85,"column":46}},"35":{"start":{"line":72,"column":6},"end":{"line":72,"column":61}},"36":{"start":{"line":72,"column":31},"end":{"line":72,"column":49}},"37":{"start":{"line":73,"column":9},"end":{"line":85,"column":46}},"38":{"start":{"line":74,"column":6},"end":{"line":78,"column":18}},"39":{"start":{"line":76,"column":10},"end":{"line":76,"column":55}},"40":{"start":{"line":79,"column":9},"end":{"line":85,"column":46}},"41":{"start":{"line":80,"column":6},"end":{"line":84,"column":18}},"42":{"start":{"line":82,"column":10},"end":{"line":82,"column":36}},"43":{"start":{"line":85,"column":9},"end":{"line":85,"column":46}},"44":{"start":{"line":86,"column":4},"end":{"line":86,"column":19}},"45":{"start":{"line":90,"column":11},"end":{"line":90,"column":30}},"46":{"start":{"line":92,"column":13},"end":{"line":95,"column":2}},"47":{"start":{"line":94,"column":2},"end":{"line":94,"column":37}}},"fnMap":{"0":{"name":"(anonymous_0)","decl":{"start":{"line":23,"column":2},"end":{"line":null,"column":-1}},"loc":{"start":{"line":23,"column":2},"end":{"line":23,"column":18}}},"1":{"name":"(anonymous_1)","decl":{"start":{"line":10,"column":23},"end":{"line":10,"column":24}},"loc":{"start":{"line":11,"column":6},"end":{"line":20,"column":6}}},"2":{"name":"(anonymous_2)","decl":{"start":{"line":25,"column":9},"end":{"line":25,"column":15}},"loc":{"start":{"line":25,"column":60},"end":{"line":30,"column":3}}},"3":{"name":"(anonymous_3)","decl":{"start":{"line":32,"column":10},"end":{"line":32,"column":31}},"loc":{"start":{"line":32,"column":62},"end":{"line":65,"column":3}}},"4":{"name":"(anonymous_4)","decl":{"start":{"line":33,"column":23},"end":{"line":33,"column":24}},"loc":{"start":{"line":34,"column":6},"end":{"line":37,"column":25}}},"5":{"name":"(anonymous_5)","decl":{"start":{"line":39,"column":25},"end":{"line":39,"column":26}},"loc":{"start":{"line":39,"column":43},"end":{"line":53,"column":5}}},"6":{"name":"(anonymous_6)","decl":{"start":{"line":67,"column":10},"end":{"line":67,"column":15}},"loc":{"start":{"line":67,"column":46},"end":{"line":87,"column":3}}},"7":{"name":"(anonymous_7)","decl":{"start":{"line":72,"column":23},"end":{"line":72,"column":26}},"loc":{"start":{"line":72,"column":31},"end":{"line":72,"column":49}}},"8":{"name":"(anonymous_8)","decl":{"start":{"line":75,"column":13},"end":{"line":75,"column":14}},"loc":{"start":{"line":75,"column":29},"end":{"line":77,"column":9}}},"9":{"name":"(anonymous_9)","decl":{"start":{"line":81,"column":13},"end":{"line":81,"column":16}},"loc":{"start":{"line":81,"column":20},"end":{"line":83,"column":9}}},"10":{"name":"(anonymous_10)","decl":{"start":{"line":92,"column":27},"end":{"line":92,"column":28}},"loc":{"start":{"line":92,"column":47},"end":{"line":95,"column":1}}}},"branchMap":{"0":{"loc":{"start":{"line":12,"column":21},"end":{"line":12,"column":27}},"type":"cond-expr","locations":[{"start":{"line":12,"column":21},"end":{"line":12,"column":27}},{"start":{"line":12,"column":30},"end":{"line":13,"column":6}}]},"1":{"loc":{"start":{"line":55,"column":4},"end":{"line":63,"column":47}},"type":"if","locations":[{"start":{"line":55,"column":4},"end":{"line":63,"column":47}},{"start":{"line":55,"column":4},"end":{"line":63,"column":47}}]},"2":{"loc":{"start":{"line":56,"column":9},"end":{"line":63,"column":47}},"type":"if","locations":[{"start":{"line":56,"column":9},"end":{"line":63,"column":47}},{"start":{"line":56,"column":9},"end":{"line":63,"column":47}}]},"3":{"loc":{"start":{"line":57,"column":9},"end":{"line":63,"column":47}},"type":"if","locations":[{"start":{"line":57,"column":9},"end":{"line":63,"column":47}},{"start":{"line":57,"column":9},"end":{"line":63,"column":47}}]},"4":{"loc":{"start":{"line":58,"column":9},"end":{"line":63,"column":47}},"type":"if","locations":[{"start":{"line":58,"column":9},"end":{"line":63,"column":47}},{"start":{"line":58,"column":9},"end":{"line":63,"column":47}}]},"5":{"loc":{"start":{"line":59,"column":9},"end":{"line":63,"column":47}},"type":"if","locations":[{"start":{"line":59,"column":9},"end":{"line":63,"column":47}},{"start":{"line":59,"column":9},"end":{"line":63,"column":47}}]},"6":{"loc":{"start":{"line":60,"column":9},"end":{"line":63,"column":47}},"type":"if","locations":[{"start":{"line":60,"column":9},"end":{"line":63,"column":47}},{"start":{"line":60,"column":9},"end":{"line":63,"column":47}}]},"7":{"loc":{"start":{"line":68,"column":4},"end":{"line":85,"column":46}},"type":"if","locations":[{"start":{"line":68,"column":4},"end":{"line":85,"column":46}},{"start":{"line":68,"column":4},"end":{"line":85,"column":46}}]},"8":{"loc":{"start":{"line":69,"column":9},"end":{"line":85,"column":46}},"type":"if","locations":[{"start":{"line":69,"column":9},"end":{"line":85,"column":46}},{"start":{"line":69,"column":9},"end":{"line":85,"column":46}}]},"9":{"loc":{"start":{"line":70,"column":9},"end":{"line":85,"column":46}},"type":"if","locations":[{"start":{"line":70,"column":9},"end":{"line":85,"column":46}},{"start":{"line":70,"column":9},"end":{"line":85,"column":46}}]},"10":{"loc":{"start":{"line":71,"column":9},"end":{"line":85,"column":46}},"type":"if","locations":[{"start":{"line":71,"column":9},"end":{"line":85,"column":46}},{"start":{"line":71,"column":9},"end":{"line":85,"column":46}}]},"11":{"loc":{"start":{"line":73,"column":9},"end":{"line":85,"column":46}},"type":"if","locations":[{"start":{"line":73,"column":9},"end":{"line":85,"column":46}},{"start":{"line":73,"column":9},"end":{"line":85,"column":46}}]},"12":{"loc":{"start":{"line":76,"column":29},"end":{"line":76,"column":47}},"type":"cond-expr","locations":[{"start":{"line":76,"column":29},"end":{"line":76,"column":47}},{"start":{"line":76,"column":50},"end":{"line":76,"column":54}}]},"13":{"loc":{"start":{"line":79,"column":9},"end":{"line":85,"column":46}},"type":"if","locations":[{"start":{"line":79,"column":9},"end":{"line":85,"column":46}},{"start":{"line":79,"column":9},"end":{"line":85,"column":46}}]}},"s":{"0":4,"1":4,"2":0,"3":31,"4":31,"5":31,"6":31,"7":19,"8":31,"9":12,"10":12,"11":12,"12":12,"13":12,"14":31,"15":7,"16":24,"17":6,"18":18,"19":6,"20":12,"21":0,"22":12,"23":6,"24":6,"25":6,"26":0,"27":0,"28":31,"29":8,"30":23,"31":6,"32":17,"33":4,"34":13,"35":5,"36":10,"37":8,"38":4,"39":8,"40":4,"41":4,"42":8,"43":0,"44":0,"45":4,"46":4,"47":31},"f":{"0":4,"1":0,"2":31,"3":31,"4":19,"5":12,"6":31,"7":10,"8":8,"9":8,"10":31},"b":{"0":[0,0],"1":[7,24],"2":[6,18],"3":[6,12],"4":[0,12],"5":[6,6],"6":[6,0],"7":[8,23],"8":[6,17],"9":[4,13],"10":[5,8],"11":[4,4],"12":[4,4],"13":[4,0]}}
,"/Users/kd/repos/yak/src/operators/text/firstToUpper.ts": {"path":"/Users/kd/repos/yak/src/operators/text/firstToUpper.ts","statementMap":{"0":{"start":{"line":1,"column":13},"end":{"line":6,"column":2}},"1":{"start":{"line":2,"column":22},"end":{"line":2,"column":43}},"2":{"start":{"line":3,"column":21},"end":{"line":3,"column":39}},"3":{"start":{"line":5,"column":2},"end":{"line":5,"column":48}}},"fnMap":{"0":{"name":"(anonymous_0)","decl":{"start":{"line":1,"column":28},"end":{"line":1,"column":29}},"loc":{"start":{"line":1,"column":46},"end":{"line":6,"column":1}}}},"branchMap":{},"s":{"0":4,"1":14,"2":14,"3":14},"f":{"0":14},"b":{}}
,"/Users/kd/repos/yak/src/operators/text/index.ts": {"path":"/Users/kd/repos/yak/src/operators/text/index.ts","statementMap":{"0":{"start":{"line":1,"column":0},"end":{"line":1,"column":31}},"1":{"start":{"line":2,"column":0},"end":{"line":2,"column":26}},"2":{"start":{"line":3,"column":0},"end":{"line":3,"column":30}}},"fnMap":{},"branchMap":{},"s":{"0":4,"1":4,"2":4},"f":{},"b":{}}
,"/Users/kd/repos/yak/src/operators/text/reverse.ts": {"path":"/Users/kd/repos/yak/src/operators/text/reverse.ts","statementMap":{"0":{"start":{"line":1,"column":13},"end":{"line":5,"column":14}},"1":{"start":{"line":2,"column":2},"end":{"line":5,"column":13}}},"fnMap":{"0":{"name":"(anonymous_0)","decl":{"start":{"line":1,"column":23},"end":{"line":1,"column":24}},"loc":{"start":{"line":2,"column":2},"end":{"line":5,"column":13}}}},"branchMap":{},"s":{"0":4,"1":6},"f":{"0":6},"b":{}}
,"/Users/kd/repos/yak/src/operators/utils/index.ts": {"path":"/Users/kd/repos/yak/src/operators/utils/index.ts","statementMap":{"0":{"start":{"line":1,"column":0},"end":{"line":1,"column":23}},"1":{"start":{"line":2,"column":0},"end":{"line":2,"column":26}}},"fnMap":{},"branchMap":{},"s":{"0":4,"1":4},"f":{},"b":{}}
,"/Users/kd/repos/yak/src/operators/utils/log.ts": {"path":"/Users/kd/repos/yak/src/operators/utils/log.ts","statementMap":{"0":{"start":{"line":3,"column":13},"end":{"line":24,"column":2}},"1":{"start":{"line":7,"column":5},"end":{"line":24,"column":1}},"2":{"start":{"line":8,"column":2},"end":{"line":10,"column":3}},"3":{"start":{"line":9,"column":4},"end":{"line":9,"column":30}},"4":{"start":{"line":11,"column":2},"end":{"line":17,"column":6}},"5":{"start":{"line":12,"column":4},"end":{"line":17,"column":6}},"6":{"start":{"line":18,"column":2},"end":{"line":19,"column":71}},"7":{"start":{"line":19,"column":4},"end":{"line":19,"column":71}},"8":{"start":{"line":20,"column":2},"end":{"line":21,"column":69}},"9":{"start":{"line":21,"column":4},"end":{"line":21,"column":69}},"10":{"start":{"line":23,"column":2},"end":{"line":23,"column":15}}},"fnMap":{"0":{"name":"(anonymous_0)","decl":{"start":{"line":3,"column":22},"end":{"line":4,"column":2}},"loc":{"start":{"line":7,"column":5},"end":{"line":24,"column":1}}},"1":{"name":"(anonymous_1)","decl":{"start":{"line":7,"column":5},"end":{"line":7,"column":9}},"loc":{"start":{"line":7,"column":13},"end":{"line":24,"column":1}}}},"branchMap":{"0":{"loc":{"start":{"line":5,"column":23},"end":{"line":5,"column":29}},"type":"default-arg","locations":[{"start":{"line":5,"column":23},"end":{"line":5,"column":29}}]},"1":{"loc":{"start":{"line":8,"column":2},"end":{"line":10,"column":3}},"type":"if","locations":[{"start":{"line":8,"column":2},"end":{"line":10,"column":3}},{"start":{"line":8,"column":2},"end":{"line":10,"column":3}}]},"2":{"loc":{"start":{"line":11,"column":2},"end":{"line":17,"column":6}},"type":"if","locations":[{"start":{"line":11,"column":2},"end":{"line":17,"column":6}},{"start":{"line":11,"column":2},"end":{"line":17,"column":6}}]},"3":{"loc":{"start":{"line":16,"column":13},"end":{"line":16,"column":17}},"type":"cond-expr","locations":[{"start":{"line":16,"column":13},"end":{"line":16,"column":17}},{"start":{"line":16,"column":20},"end":{"line":16,"column":24}}]},"4":{"loc":{"start":{"line":18,"column":2},"end":{"line":19,"column":71}},"type":"if","locations":[{"start":{"line":18,"column":2},"end":{"line":19,"column":71}},{"start":{"line":18,"column":2},"end":{"line":19,"column":71}}]},"5":{"loc":{"start":{"line":19,"column":58},"end":{"line":19,"column":62}},"type":"cond-expr","locations":[{"start":{"line":19,"column":58},"end":{"line":19,"column":62}},{"start":{"line":19,"column":65},"end":{"line":19,"column":69}}]},"6":{"loc":{"start":{"line":20,"column":2},"end":{"line":21,"column":69}},"type":"if","locations":[{"start":{"line":20,"column":2},"end":{"line":21,"column":69}},{"start":{"line":20,"column":2},"end":{"line":21,"column":69}}]},"7":{"loc":{"start":{"line":21,"column":56},"end":{"line":21,"column":60}},"type":"cond-expr","locations":[{"start":{"line":21,"column":56},"end":{"line":21,"column":60}},{"start":{"line":21,"column":63},"end":{"line":21,"column":67}}]}},"s":{"0":4,"1":1,"2":1,"3":0,"4":1,"5":1,"6":1,"7":0,"8":1,"9":0,"10":1},"f":{"0":1,"1":1},"b":{"0":[1],"1":[0,1],"2":[1,0],"3":[0,1],"4":[0,1],"5":[0,0],"6":[0,1],"7":[0,0]}}
,"/Users/kd/repos/yak/src/operators/utils/pipe.ts": {"path":"/Users/kd/repos/yak/src/operators/utils/pipe.ts","statementMap":{"0":{"start":{"line":1,"column":13},"end":{"line":1,"column":67}},"1":{"start":{"line":1,"column":32},"end":{"line":1,"column":66}},"2":{"start":{"line":1,"column":37},"end":{"line":1,"column":66}},"3":{"start":{"line":1,"column":58},"end":{"line":1,"column":62}}},"fnMap":{"0":{"name":"(anonymous_0)","decl":{"start":{"line":1,"column":20},"end":{"line":1,"column":21}},"loc":{"start":{"line":1,"column":32},"end":{"line":1,"column":66}}},"1":{"name":"(anonymous_1)","decl":{"start":{"line":1,"column":32},"end":{"line":1,"column":33}},"loc":{"start":{"line":1,"column":37},"end":{"line":1,"column":66}}},"2":{"name":"(anonymous_2)","decl":{"start":{"line":1,"column":48},"end":{"line":1,"column":49}},"loc":{"start":{"line":1,"column":58},"end":{"line":1,"column":62}}}},"branchMap":{},"s":{"0":4,"1":9,"2":9,"3":14},"f":{"0":9,"1":9,"2":14},"b":{}}
,"/Users/kd/repos/yak/src/services/data/json.service.ts": {"path":"/Users/kd/repos/yak/src/services/data/json.service.ts","statementMap":{"0":{"start":{"line":1,"column":0},"end":{"line":1,"column":47}},"1":{"start":{"line":3,"column":13},"end":{"line":3,"column":43}}},"fnMap":{},"branchMap":{},"s":{"0":4,"1":4},"f":{},"b":{}}
}
