TN:
SF:/Users/kd/repos/yak/src/operators/index.ts
FNF:0
FNH:0
DA:1,4
DA:2,4
DA:3,4
DA:4,4
LF:4
LH:4
BRF:0
BRH:0
end_of_record
TN:
SF:/Users/kd/repos/yak/src/operators/array/index.ts
FNF:0
FNH:0
DA:1,4
LF:1
LH:1
BRF:0
BRH:0
end_of_record
TN:
SF:/Users/kd/repos/yak/src/operators/array/wrappers.ts
FN:1,(anonymous_0)
FN:1,(anonymous_1)
FN:5,(anonymous_2)
FN:5,(anonymous_3)
FN:9,(anonymous_4)
FN:9,(anonymous_5)
FN:13,(anonymous_6)
FN:13,(anonymous_7)
FN:17,(anonymous_8)
FN:17,(anonymous_9)
FN:21,(anonymous_10)
FN:21,(anonymous_11)
FN:25,(anonymous_12)
FN:25,(anonymous_13)
FNF:14
FNH:10
FNDA:3,(anonymous_0)
FNDA:3,(anonymous_1)
FNDA:1,(anonymous_2)
FNDA:1,(anonymous_3)
FNDA:1,(anonymous_4)
FNDA:1,(anonymous_5)
FNDA:1,(anonymous_6)
FNDA:1,(anonymous_7)
FNDA:0,(anonymous_8)
FNDA:0,(anonymous_9)
FNDA:0,(anonymous_10)
FNDA:0,(anonymous_11)
FNDA:1,(anonymous_12)
FNDA:1,(anonymous_13)
DA:1,4
DA:2,3
DA:5,4
DA:6,1
DA:9,4
DA:10,1
DA:13,4
DA:14,1
DA:17,4
DA:18,0
DA:21,4
DA:22,0
DA:25,4
DA:26,1
LF:14
LH:12
BRF:0
BRH:0
end_of_record
TN:
SF:/Users/kd/repos/yak/src/operators/number/appendCurrency.ts
FN:4,(anonymous_0)
FN:7,(anonymous_1)
FN:18,(anonymous_2)
FN:18,(anonymous_3)
FNF:4
FNH:2
FNDA:5,(anonymous_0)
FNDA:5,(anonymous_1)
FNDA:0,(anonymous_2)
FNDA:0,(anonymous_3)
DA:2,4
DA:4,4
DA:7,5
DA:9,5
DA:11,5
DA:13,5
DA:18,4
DA:20,0
LF:8
LH:7
BRDA:14,0,0,2
BRDA:14,0,1,3
BRF:2
BRH:2
end_of_record
TN:
SF:/Users/kd/repos/yak/src/operators/number/index.ts
FNF:0
FNH:0
DA:1,4
LF:1
LH:1
BRF:0
BRH:0
end_of_record
TN:
SF:/Users/kd/repos/yak/src/operators/text/convertCase.ts
FN:23,(anonymous_0)
FN:10,(anonymous_1)
FN:25,(anonymous_2)
FN:32,(anonymous_3)
FN:33,(anonymous_4)
FN:39,(anonymous_5)
FN:67,(anonymous_6)
FN:72,(anonymous_7)
FN:75,(anonymous_8)
FN:81,(anonymous_9)
FN:92,(anonymous_10)
FNF:11
FNH:10
FNDA:4,(anonymous_0)
FNDA:0,(anonymous_1)
FNDA:31,(anonymous_2)
FNDA:31,(anonymous_3)
FNDA:19,(anonymous_4)
FNDA:12,(anonymous_5)
FNDA:31,(anonymous_6)
FNDA:10,(anonymous_7)
FNDA:8,(anonymous_8)
FNDA:8,(anonymous_9)
FNDA:31,(anonymous_10)
DA:4,4
DA:9,4
DA:11,0
DA:26,31
DA:27,31
DA:29,31
DA:33,31
DA:34,19
DA:39,31
DA:42,12
DA:43,12
DA:45,12
DA:50,12
DA:52,12
DA:55,31
DA:56,24
DA:57,18
DA:58,12
DA:59,12
DA:60,6
DA:62,6
DA:63,0
DA:64,0
DA:68,31
DA:69,23
DA:70,17
DA:71,13
DA:72,10
DA:73,8
DA:74,4
DA:76,8
DA:79,4
DA:80,4
DA:82,8
DA:85,0
DA:86,0
DA:90,4
DA:92,4
DA:94,31
LF:39
LH:34
BRDA:12,0,0,0
BRDA:12,0,1,0
BRDA:55,1,0,7
BRDA:55,1,1,24
BRDA:56,2,0,6
BRDA:56,2,1,18
BRDA:57,3,0,6
BRDA:57,3,1,12
BRDA:58,4,0,0
BRDA:58,4,1,12
BRDA:59,5,0,6
BRDA:59,5,1,6
BRDA:60,6,0,6
BRDA:60,6,1,0
BRDA:68,7,0,8
BRDA:68,7,1,23
BRDA:69,8,0,6
BRDA:69,8,1,17
BRDA:70,9,0,4
BRDA:70,9,1,13
BRDA:71,10,0,5
BRDA:71,10,1,8
BRDA:73,11,0,4
BRDA:73,11,1,4
BRDA:76,12,0,4
BRDA:76,12,1,4
BRDA:79,13,0,4
BRDA:79,13,1,0
BRF:28
BRH:23
end_of_record
TN:
SF:/Users/kd/repos/yak/src/operators/text/firstToUpper.ts
FN:1,(anonymous_0)
FNF:1
FNH:1
FNDA:14,(anonymous_0)
DA:1,4
DA:2,14
DA:3,14
DA:5,14
LF:4
LH:4
BRF:0
BRH:0
end_of_record
TN:
SF:/Users/kd/repos/yak/src/operators/text/index.ts
FNF:0
FNH:0
DA:1,4
DA:2,4
DA:3,4
LF:3
LH:3
BRF:0
BRH:0
end_of_record
TN:
SF:/Users/kd/repos/yak/src/operators/text/reverse.ts
FN:1,(anonymous_0)
FNF:1
FNH:1
FNDA:6,(anonymous_0)
DA:1,4
DA:2,6
LF:2
LH:2
BRF:0
BRH:0
end_of_record
TN:
SF:/Users/kd/repos/yak/src/operators/utils/index.ts
FNF:0
FNH:0
DA:1,4
DA:2,4
LF:2
LH:2
BRF:0
BRH:0
end_of_record
TN:
SF:/Users/kd/repos/yak/src/operators/utils/log.ts
FN:3,(anonymous_0)
FN:7,(anonymous_1)
FNF:2
FNH:2
FNDA:1,(anonymous_0)
FNDA:1,(anonymous_1)
DA:3,4
DA:7,1
DA:8,1
DA:9,0
DA:11,1
DA:12,1
DA:18,1
DA:19,0
DA:20,1
DA:21,0
DA:23,1
LF:11
LH:8
BRDA:5,0,0,1
BRDA:8,1,0,0
BRDA:8,1,1,1
BRDA:11,2,0,1
BRDA:11,2,1,0
BRDA:16,3,0,0
BRDA:16,3,1,1
BRDA:18,4,0,0
BRDA:18,4,1,1
BRDA:19,5,0,0
BRDA:19,5,1,0
BRDA:20,6,0,0
BRDA:20,6,1,1
BRDA:21,7,0,0
BRDA:21,7,1,0
BRF:15
BRH:6
end_of_record
TN:
SF:/Users/kd/repos/yak/src/operators/utils/pipe.ts
FN:1,(anonymous_0)
FN:1,(anonymous_1)
FN:1,(anonymous_2)
FNF:3
FNH:3
FNDA:9,(anonymous_0)
FNDA:9,(anonymous_1)
FNDA:14,(anonymous_2)
DA:1,14
LF:1
LH:1
BRF:0
BRH:0
end_of_record
TN:
SF:/Users/kd/repos/yak/src/services/data/json.service.ts
FNF:0
FNH:0
DA:1,4
DA:3,4
LF:2
LH:2
BRF:0
BRH:0
end_of_record
