TN:
SF:E:\Dev\repos\yakWin\src\text\convertCase.ts
FN:3,(anonymous_0)
FN:7,(anonymous_1)
FN:20,(anonymous_2)
FN:23,(anonymous_3)
FN:29,(anonymous_4)
FN:36,(anonymous_5)
FN:37,(anonymous_6)
FN:43,(anonymous_7)
FN:71,(anonymous_8)
FN:76,(anonymous_9)
FN:79,(anonymous_10)
FN:85,(anonymous_11)
FNF:12
FNH:11
FNDA:1,(anonymous_0)
FNDA:0,(anonymous_1)
FNDA:12,(anonymous_2)
FNDA:48,(anonymous_3)
FNDA:31,(anonymous_4)
FNDA:31,(anonymous_5)
FNDA:19,(anonymous_6)
FNDA:18,(anonymous_7)
FNDA:31,(anonymous_8)
FNDA:10,(anonymous_9)
FNDA:8,(anonymous_10)
FNDA:8,(anonymous_11)
DA:3,1
DA:6,1
DA:8,0
DA:21,12
DA:24,48
DA:30,31
DA:31,31
DA:33,31
DA:37,31
DA:38,19
DA:43,31
DA:46,18
DA:47,18
DA:49,18
DA:54,18
DA:56,18
DA:59,31
DA:60,24
DA:61,18
DA:62,12
DA:63,12
DA:64,6
DA:65,6
DA:66,6
DA:67,0
DA:68,0
DA:72,31
DA:73,23
DA:74,17
DA:75,13
DA:76,10
DA:77,8
DA:78,4
DA:80,8
DA:83,4
DA:84,4
DA:86,8
DA:89,0
DA:90,0
LF:39
LH:34
BRDA:9,0,0,0
BRDA:9,0,1,0
BRDA:24,1,0,12
BRDA:24,1,1,36
BRDA:59,2,0,7
BRDA:59,2,1,24
BRDA:60,3,0,6
BRDA:60,3,1,18
BRDA:61,4,0,6
BRDA:61,4,1,12
BRDA:62,5,0,0
BRDA:62,5,1,12
BRDA:63,6,0,6
BRDA:63,6,1,6
BRDA:64,7,0,6
BRDA:64,7,1,0
BRDA:72,8,0,8
BRDA:72,8,1,23
BRDA:73,9,0,6
BRDA:73,9,1,17
BRDA:74,10,0,4
BRDA:74,10,1,13
BRDA:75,11,0,5
BRDA:75,11,1,8
BRDA:77,12,0,4
BRDA:77,12,1,4
BRDA:80,13,0,4
BRDA:80,13,1,4
BRDA:83,14,0,4
BRDA:83,14,1,0
BRF:30
BRH:25
end_of_record
